<html>
<head>
<title>TestNG:  Default test</title>
<link href="../testng.css" rel="stylesheet" type="text/css" />
<link href="../my-testng.css" rel="stylesheet" type="text/css" />

<style type="text/css">
.log { display: none;} 
.stack-trace { display: none;} 
</style>
<script type="text/javascript">
<!--
function flip(e) {
  current = e.style.display;
  if (current == 'block') {
    e.style.display = 'none';
    return 0;
  }
  else {
    e.style.display = 'block';
    return 1;
  }
}

function toggleBox(szDivId, elem, msg1, msg2)
{
  var res = -1;  if (document.getElementById) {
    res = flip(document.getElementById(szDivId));
  }
  else if (document.all) {
    // this is the way old msie versions work
    res = flip(document.all[szDivId]);
  }
  if(elem) {
    if(res == 0) elem.innerHTML = msg1; else elem.innerHTML = msg2;
  }

}

function toggleAllBoxes() {
  if (document.getElementsByTagName) {
    d = document.getElementsByTagName('div');
    for (i = 0; i < d.length; i++) {
      if (d[i].className == 'log') {
        flip(d[i]);
      }
    }
  }
}

// -->
</script>

</head>
<body>
<h2 align='center'>Default test</h2><table border='1' align="center">
<tr>
<<<<<<< HEAD
<td>Tests passed/Failed/Skipped:</td><td>0/1/0</td>
</tr><tr>
<td>Started on:</td><td>Sun Jun 01 10:44:12 IST 2025</td>
</tr>
<tr><td>Total time:</td><td>23 seconds (23546 ms)</td>
=======
<<<<<<< HEAD
<td>Tests passed/Failed/Skipped:</td><td>2/0/0</td>
=======
<<<<<<< HEAD
<td>Tests passed/Failed/Skipped:</td><td>3/0/0</td>
</tr><tr>
<td>Started on:</td><td>Mon May 26 15:33:36 IST 2025</td>
</tr>
<tr><td>Total time:</td><td>25 seconds (25882 ms)</td>
=======
<<<<<<< HEAD
<td>Tests passed/Failed/Skipped:</td><td>1/0/0</td>
</tr><tr>
<td>Started on:</td><td>Sun May 25 23:46:06 IST 2025</td>
</tr>
<tr><td>Total time:</td><td>14 seconds (14764 ms)</td>
=======
<td>Tests passed/Failed/Skipped:</td><td>6/0/0</td>
>>>>>>> 348236317209849f943f9733c3ba0e54f55ce3ef
</tr><tr>
<td>Started on:</td><td>Mon May 26 00:45:51 IST 2025</td>
</tr>
<<<<<<< HEAD
<tr><td>Total time:</td><td>42 seconds (42295 ms)</td>
=======
<tr><td>Total time:</td><td>69 seconds (69657 ms)</td>
=======
<td>Started on:</td><td>Sun May 25 12:25:23 IST 2025</td>
</tr>
<tr><td>Total time:</td><td>14 seconds (14285 ms)</td>
>>>>>>> 42cbaf34d97bca17529b7602b817b3acab59d5d0
>>>>>>> 7922af434f89e044c10b96935cdc14b30865262e
>>>>>>> 70ba564051a3e5baa165309948978f07e8cdfdf9
>>>>>>> 348236317209849f943f9733c3ba0e54f55ce3ef
>>>>>>> 2fad1e1a14f85d46db2f90850589400c18c49839
</tr><tr>
<td>Included groups:</td><td></td>
</tr><tr>
<td>Excluded groups:</td><td></td>
</tr>
</table><p/>
<small><i>(Hover the method name to see the test class name)</i></small><p/>
<table width='100%' border='1' class='invocation-failed'>
<tr><td colspan='4' align='center'><b>FAILED TESTS</b></td></tr>
<tr><td><b>Test method</b></td>
<td width="30%"><b>Exception</b></td>
<td width="10%"><b>Time (seconds)</b></td>
<td><b>Instance</b></td>
</tr>
<tr>
<<<<<<< HEAD
<td title='testExecutionSuite.TestExecute.placeOrderRBC()'><b>placeOrderRBC</b><br>Test class: testExecutionSuite.TestExecute</td>
<td><div><pre>org.openqa.selenium.NoSuchElementException: no such element: Unable to locate element: {&quot;method&quot;:&quot;css selector&quot;,&quot;selector&quot;:&quot;#your\-element\-id&quot;}
  (Session info: chrome=137.0.7151.41)
For documentation on this error, please visit: https://www.selenium.dev/documentation/webdriver/troubleshooting/errors#no-such-element-exception
Build info: version: &apos;4.30.0&apos;, revision: &apos;509c7f17cc*&apos;
System info: os.name: &apos;Windows 11&apos;, os.arch: &apos;amd64&apos;, os.version: &apos;10.0&apos;, java.version: &apos;23.0.1&apos;
Driver info: org.openqa.selenium.chrome.ChromeDriver
Command: [8c83402f97aa3aabc7edb50f93b950f5, findElement {value=your-element-id, using=id}]
Capabilities {acceptInsecureCerts: false, browserName: chrome, browserVersion: 137.0.7151.41, chrome: {chromedriverVersion: 137.0.7151.55 (254bc711794d..., userDataDir: C:\Users\appal\AppData\Loca...}, fedcm:accounts: true, goog:chromeOptions: {debuggerAddress: localhost:52914}, networkConnectionEnabled: false, pageLoadStrategy: normal, platformName: windows, proxy: Proxy(), se:cdp: ws://localhost:52914/devtoo..., se:cdpVersion: 137.0.7151.41, setWindowRect: true, strictFileInteractability: false, timeouts: {implicit: 0, pageLoad: 300000, script: 30000}, unhandledPromptBehavior: dismiss and notify, webauthn:extension:credBlob: true, webauthn:extension:largeBlob: true, webauthn:extension:minPinLength: true, webauthn:extension:prf: true, webauthn:virtualAuthenticators: true}
Session ID: 8c83402f97aa3aabc7edb50f93b950f5
	at java.base/jdk.internal.reflect.DirectConstructorHandleAccessor.newInstance(DirectConstructorHandleAccessor.java:62)
	at java.base/java.lang.reflect.Constructor.newInstanceWithCaller(Constructor.java:501)
	at java.base/java.lang.reflect.Constructor.newInstance(Constructor.java:485)
	at org.openqa.selenium.remote.ErrorCodec.decode(ErrorCodec.java:167)
	at org.openqa.selenium.remote.codec.w3c.W3CHttpResponseCodec.decode(W3CHttpResponseCodec.java:138)
	at org.openqa.selenium.remote.codec.w3c.W3CHttpResponseCodec.decode(W3CHttpResponseCodec.java:50)
	at org.openqa.selenium.remote.HttpCommandExecutor.execute(HttpCommandExecutor.java:215)
	at org.openqa.selenium.remote.service.DriverCommandExecutor.invokeExecute(DriverCommandExecutor.java:216)
	at org.openqa.selenium.remote.service.DriverCommandExecutor.execute(DriverCommandExecutor.java:174)
	at org.openqa.selenium.remote.RemoteWebDriver.execute(RemoteWebDriver.java:545)
	at org.openqa.selenium.remote.ElementLocation$ElementFinder$2.findElement(ElementLocation.java:165)
	at org.openqa.selenium.remote.ElementLocation.findElement(ElementLocation.java:66)
	at org.openqa.selenium.remote.RemoteWebDriver.findElement(RemoteWebDriver.java:368)
	at org.openqa.selenium.remote.RemoteWebDriver.findElement(RemoteWebDriver.java:362)
	at testExecutionSuite.PlaceOrderRBC.placeOrderRBC(PlaceOrderRBC.java:34)
	at testExecutionSuite.TestExecute.placeOrderRBC(TestExecute.java:83)
	at java.base/jdk.internal.reflect.DirectMethodHandleAccessor.invoke(DirectMethodHandleAccessor.java:103)
	at java.base/java.lang.reflect.Method.invoke(Method.java:580)
	at org.testng.internal.invokers.MethodInvocationHelper.invokeMethod(MethodInvocationHelper.java:141)
	at org.testng.internal.invokers.TestInvoker.invokeMethod(TestInvoker.java:687)
	at org.testng.internal.invokers.TestInvoker.invokeTestMethod(TestInvoker.java:230)
	at org.testng.internal.invokers.MethodRunner.runInSequence(MethodRunner.java:63)
	at org.testng.internal.invokers.TestInvoker$MethodInvocationAgent.invoke(TestInvoker.java:995)
	at org.testng.internal.invokers.TestInvoker.invokeTestMethods(TestInvoker.java:203)
	at org.testng.internal.invokers.TestMethodWorker.invokeTestMethods(TestMethodWorker.java:154)
	at org.testng.internal.invokers.TestMethodWorker.run(TestMethodWorker.java:134)
	at java.base/java.util.ArrayList.forEach(ArrayList.java:1597)
	at org.testng.TestRunner.privateRun(TestRunner.java:741)
	at org.testng.TestRunner.run(TestRunner.java:616)
	at org.testng.SuiteRunner.runTest(SuiteRunner.java:421)
	at org.testng.SuiteRunner.runSequentially(SuiteRunner.java:413)
	at org.testng.SuiteRunner.privateRun(SuiteRunner.java:373)
	at org.testng.SuiteRunner.run(SuiteRunner.java:312)
	at org.testng.SuiteRunnerWorker.runSuite(SuiteRunnerWorker.java:52)
	at org.testng.SuiteRunnerWorker.run(SuiteRunnerWorker.java:95)
	at org.testng.TestNG.runSuitesSequentially(TestNG.java:1274)
	at org.testng.TestNG.runSuitesLocally(TestNG.java:1208)
	at org.testng.TestNG.runSuites(TestNG.java:1112)
	at org.testng.TestNG.run(TestNG.java:1079)
	at org.testng.remote.AbstractRemoteTestNG.run(AbstractRemoteTestNG.java:115)
	at org.testng.remote.RemoteTestNG.initAndRun(RemoteTestNG.java:293)
	at org.testng.remote.RemoteTestNG.main(RemoteTestNG.java:91)
</pre></div><a href='#' onClick='toggleBox("stack-trace102318785", this, "Click to show all stack frames", "Click to hide stack frames")'>Click to show all stack frames</a>
<div class='stack-trace' id='stack-trace102318785'><pre>org.openqa.selenium.NoSuchElementException: no such element: Unable to locate element: {&quot;method&quot;:&quot;css selector&quot;,&quot;selector&quot;:&quot;#your\-element\-id&quot;}
  (Session info: chrome=137.0.7151.41)
For documentation on this error, please visit: https://www.selenium.dev/documentation/webdriver/troubleshooting/errors#no-such-element-exception
Build info: version: &apos;4.30.0&apos;, revision: &apos;509c7f17cc*&apos;
System info: os.name: &apos;Windows 11&apos;, os.arch: &apos;amd64&apos;, os.version: &apos;10.0&apos;, java.version: &apos;23.0.1&apos;
Driver info: org.openqa.selenium.chrome.ChromeDriver
Command: [8c83402f97aa3aabc7edb50f93b950f5, findElement {value=your-element-id, using=id}]
Capabilities {acceptInsecureCerts: false, browserName: chrome, browserVersion: 137.0.7151.41, chrome: {chromedriverVersion: 137.0.7151.55 (254bc711794d..., userDataDir: C:\Users\appal\AppData\Loca...}, fedcm:accounts: true, goog:chromeOptions: {debuggerAddress: localhost:52914}, networkConnectionEnabled: false, pageLoadStrategy: normal, platformName: windows, proxy: Proxy(), se:cdp: ws://localhost:52914/devtoo..., se:cdpVersion: 137.0.7151.41, setWindowRect: true, strictFileInteractability: false, timeouts: {implicit: 0, pageLoad: 300000, script: 30000}, unhandledPromptBehavior: dismiss and notify, webauthn:extension:credBlob: true, webauthn:extension:largeBlob: true, webauthn:extension:minPinLength: true, webauthn:extension:prf: true, webauthn:virtualAuthenticators: true}
Session ID: 8c83402f97aa3aabc7edb50f93b950f5
	at java.base/jdk.internal.reflect.DirectConstructorHandleAccessor.newInstance(DirectConstructorHandleAccessor.java:62)
	at java.base/java.lang.reflect.Constructor.newInstanceWithCaller(Constructor.java:501)
	at java.base/java.lang.reflect.Constructor.newInstance(Constructor.java:485)
	at org.openqa.selenium.remote.ErrorCodec.decode(ErrorCodec.java:167)
	at org.openqa.selenium.remote.codec.w3c.W3CHttpResponseCodec.decode(W3CHttpResponseCodec.java:138)
	at org.openqa.selenium.remote.codec.w3c.W3CHttpResponseCodec.decode(W3CHttpResponseCodec.java:50)
	at org.openqa.selenium.remote.HttpCommandExecutor.execute(HttpCommandExecutor.java:215)
	at org.openqa.selenium.remote.service.DriverCommandExecutor.invokeExecute(DriverCommandExecutor.java:216)
	at org.openqa.selenium.remote.service.DriverCommandExecutor.execute(DriverCommandExecutor.java:174)
	at org.openqa.selenium.remote.RemoteWebDriver.execute(RemoteWebDriver.java:545)
	at org.openqa.selenium.remote.ElementLocation$ElementFinder$2.findElement(ElementLocation.java:165)
	at org.openqa.selenium.remote.ElementLocation.findElement(ElementLocation.java:66)
	at org.openqa.selenium.remote.RemoteWebDriver.findElement(RemoteWebDriver.java:368)
	at org.openqa.selenium.remote.RemoteWebDriver.findElement(RemoteWebDriver.java:362)
	at testExecutionSuite.PlaceOrderRBC.placeOrderRBC(PlaceOrderRBC.java:34)
	at testExecutionSuite.TestExecute.placeOrderRBC(TestExecute.java:83)
	at java.base/jdk.internal.reflect.DirectMethodHandleAccessor.invoke(DirectMethodHandleAccessor.java:103)
	at java.base/java.lang.reflect.Method.invoke(Method.java:580)
	at org.testng.internal.invokers.MethodInvocationHelper.invokeMethod(MethodInvocationHelper.java:141)
	at org.testng.internal.invokers.TestInvoker.invokeMethod(TestInvoker.java:687)
	at org.testng.internal.invokers.TestInvoker.invokeTestMethod(TestInvoker.java:230)
	at org.testng.internal.invokers.MethodRunner.runInSequence(MethodRunner.java:63)
	at org.testng.internal.invokers.TestInvoker$MethodInvocationAgent.invoke(TestInvoker.java:995)
	at org.testng.internal.invokers.TestInvoker.invokeTestMethods(TestInvoker.java:203)
	at org.testng.internal.invokers.TestMethodWorker.invokeTestMethods(TestMethodWorker.java:154)
	at org.testng.internal.invokers.TestMethodWorker.run(TestMethodWorker.java:134)
	at java.base/java.util.ArrayList.forEach(ArrayList.java:1597)
	at org.testng.TestRunner.privateRun(TestRunner.java:741)
	at org.testng.TestRunner.run(TestRunner.java:616)
	at org.testng.SuiteRunner.runTest(SuiteRunner.java:421)
	at org.testng.SuiteRunner.runSequentially(SuiteRunner.java:413)
	at org.testng.SuiteRunner.privateRun(SuiteRunner.java:373)
	at org.testng.SuiteRunner.run(SuiteRunner.java:312)
	at org.testng.SuiteRunnerWorker.runSuite(SuiteRunnerWorker.java:52)
	at org.testng.SuiteRunnerWorker.run(SuiteRunnerWorker.java:95)
	at org.testng.TestNG.runSuitesSequentially(TestNG.java:1274)
	at org.testng.TestNG.runSuitesLocally(TestNG.java:1208)
	at org.testng.TestNG.runSuites(TestNG.java:1112)
	at org.testng.TestNG.run(TestNG.java:1079)
	at org.testng.remote.AbstractRemoteTestNG.run(AbstractRemoteTestNG.java:115)
	at org.testng.remote.RemoteTestNG.initAndRun(RemoteTestNG.java:293)
	at org.testng.remote.RemoteTestNG.main(RemoteTestNG.java:91)
</pre></div></td>
<td>21</td>
<td>testExecutionSuite.TestExecute@77f80c04</td></tr>
=======
<<<<<<< HEAD
<td title='testExecutionSuite.TestExecute.AllProducts()'><b>AllProducts</b><br>Test class: testExecutionSuite.TestExecute</td>
=======
<<<<<<< HEAD
<td title='testExecutionSuite.TestExecute.Logout()'><b>Logout</b><br>Test class: testExecutionSuite.TestExecute</td>
<td></td>
<td>7</td>
<td>testExecutionSuite.TestExecute@645aa696</td></tr>
<tr>
<td title='testExecutionSuite.TestExecute.Login()'><b>Login</b><br>Test class: testExecutionSuite.TestExecute</td>
<td></td>
<td>9</td>
<td>testExecutionSuite.TestExecute@645aa696</td></tr>
=======
<<<<<<< HEAD
<td title='testExecutionSuite.TestExecute.Subscription_homepage()'><b>Subscription_homepage</b><br>Test class: testExecutionSuite.TestExecute</td>
<td></td>
<td>5</td>
<td>testExecutionSuite.TestExecute@3590fc5b</td></tr>
=======
<<<<<<< HEAD
<td title='testExecutionSuite.TestExecute.Scroll()'><b>Scroll</b><br>Test class: testExecutionSuite.TestExecute</td>
>>>>>>> 348236317209849f943f9733c3ba0e54f55ce3ef
<td></td>
<td>21</td>
<td>testExecutionSuite.TestExecute@1757cd72</td></tr>
<tr>
<td title='testExecutionSuite.TestExecute.SearchProduct()'><b>SearchProduct</b><br>Test class: testExecutionSuite.TestExecute</td>
<td></td>
<<<<<<< HEAD
<td>17</td>
<td>testExecutionSuite.TestExecute@1757cd72</td></tr>
=======
<td>18</td>
<td>testExecutionSuite.TestExecute@5dda768f</td></tr>
>>>>>>> 70ba564051a3e5baa165309948978f07e8cdfdf9
<tr>
<td title='testExecutionSuite.TestExecute.Incorrectlogin()'><b>Incorrectlogin</b><br>Test class: testExecutionSuite.TestExecute</td>
<td></td>
<td>4</td>
<<<<<<< HEAD
<td>testExecutionSuite.TestExecute@645aa696</td></tr>
=======
<td>testExecutionSuite.TestExecute@5dda768f</td></tr>
<tr>
<td title='testExecutionSuite.TestExecute.Testcasepage()'><b>Testcasepage</b><br>Test class: testExecutionSuite.TestExecute</td>
<td></td>
<td>4</td>
<td>testExecutionSuite.TestExecute@5dda768f</td></tr>
<tr>
<td title='testExecutionSuite.TestExecute.Register()'><b>Register</b><br>Test class: testExecutionSuite.TestExecute</td>
<td></td>
<td>14</td>
<td>testExecutionSuite.TestExecute@5dda768f</td></tr>
<tr>
<td title='testExecutionSuite.TestExecute.sub_cart_page()'><b>sub_cart_page</b><br>Test class: testExecutionSuite.TestExecute</td>
<td></td>
<td>6</td>
<td>testExecutionSuite.TestExecute@5dda768f</td></tr>
=======
<td title='testExecutionSuite.ContactUs.contactUs()'><b>contactUs</b><br>Test class: testExecutionSuite.ContactUs</td>
<td></td>
<td>8</td>
<td>testExecutionSuite.ContactUs@58ea606c</td></tr>
>>>>>>> 42cbaf34d97bca17529b7602b817b3acab59d5d0
>>>>>>> 7922af434f89e044c10b96935cdc14b30865262e
>>>>>>> 70ba564051a3e5baa165309948978f07e8cdfdf9
>>>>>>> 348236317209849f943f9733c3ba0e54f55ce3ef
>>>>>>> 2fad1e1a14f85d46db2f90850589400c18c49839
</table><p>
</body>
</html>