<?xml version="1.0" encoding="UTF-8"?>
<!-- Generated by org.testng.reporters.JUnitXMLReporter -->
<<<<<<< HEAD
<testsuite ignored="6" hostname="Raju" failures="1" tests="1" name="Default test" time="23.546" errors="0" timestamp="2025-06-01T10:44:36 IST">
  <testcase classname="testExecutionSuite.TestExecute" name="placeOrderRBC" time="21.097">
    <failure type="org.openqa.selenium.NoSuchElementException" message="no such element: Unable to locate element: {&amp;quot;method&amp;quot;:&amp;quot;css selector&amp;quot;,&amp;quot;selector&amp;quot;:&amp;quot;#your\-element\-id&amp;quot;}
  (Session info: chrome=137.0.7151.41)
For documentation on this error, please visit: https://www.selenium.dev/documentation/webdriver/troubleshooting/errors#no-such-element-exception
Build info: version: &amp;apos;4.30.0&amp;apos;, revision: &amp;apos;509c7f17cc*&amp;apos;
System info: os.name: &amp;apos;Windows 11&amp;apos;, os.arch: &amp;apos;amd64&amp;apos;, os.version: &amp;apos;10.0&amp;apos;, java.version: &amp;apos;23.0.1&amp;apos;
Driver info: org.openqa.selenium.chrome.ChromeDriver
Command: [8c83402f97aa3aabc7edb50f93b950f5, findElement {value=your-element-id, using=id}]
Capabilities {acceptInsecureCerts: false, browserName: chrome, browserVersion: 137.0.7151.41, chrome: {chromedriverVersion: 137.0.7151.55 (254bc711794d..., userDataDir: C:\Users\appal\AppData\Loca...}, fedcm:accounts: true, goog:chromeOptions: {debuggerAddress: localhost:52914}, networkConnectionEnabled: false, pageLoadStrategy: normal, platformName: windows, proxy: Proxy(), se:cdp: ws://localhost:52914/devtoo..., se:cdpVersion: 137.0.7151.41, setWindowRect: true, strictFileInteractability: false, timeouts: {implicit: 0, pageLoad: 300000, script: 30000}, unhandledPromptBehavior: dismiss and notify, webauthn:extension:credBlob: true, webauthn:extension:largeBlob: true, webauthn:extension:minPinLength: true, webauthn:extension:prf: true, webauthn:virtualAuthenticators: true}
Session ID: 8c83402f97aa3aabc7edb50f93b950f5">
      <![CDATA[org.openqa.selenium.NoSuchElementException: no such element: Unable to locate element: {"method":"css selector","selector":"#your\-element\-id"}
  (Session info: chrome=137.0.7151.41)
For documentation on this error, please visit: https://www.selenium.dev/documentation/webdriver/troubleshooting/errors#no-such-element-exception
Build info: version: '4.30.0', revision: '509c7f17cc*'
System info: os.name: 'Windows 11', os.arch: 'amd64', os.version: '10.0', java.version: '23.0.1'
Driver info: org.openqa.selenium.chrome.ChromeDriver
Command: [8c83402f97aa3aabc7edb50f93b950f5, findElement {value=your-element-id, using=id}]
Capabilities {acceptInsecureCerts: false, browserName: chrome, browserVersion: 137.0.7151.41, chrome: {chromedriverVersion: 137.0.7151.55 (254bc711794d..., userDataDir: C:\Users\appal\AppData\Loca...}, fedcm:accounts: true, goog:chromeOptions: {debuggerAddress: localhost:52914}, networkConnectionEnabled: false, pageLoadStrategy: normal, platformName: windows, proxy: Proxy(), se:cdp: ws://localhost:52914/devtoo..., se:cdpVersion: 137.0.7151.41, setWindowRect: true, strictFileInteractability: false, timeouts: {implicit: 0, pageLoad: 300000, script: 30000}, unhandledPromptBehavior: dismiss and notify, webauthn:extension:credBlob: true, webauthn:extension:largeBlob: true, webauthn:extension:minPinLength: true, webauthn:extension:prf: true, webauthn:virtualAuthenticators: true}
Session ID: 8c83402f97aa3aabc7edb50f93b950f5
at java.base/jdk.internal.reflect.DirectConstructorHandleAccessor.newInstance(DirectConstructorHandleAccessor.java:62)
at java.base/java.lang.reflect.Constructor.newInstanceWithCaller(Constructor.java:501)
at java.base/java.lang.reflect.Constructor.newInstance(Constructor.java:485)
at org.openqa.selenium.remote.ErrorCodec.decode(ErrorCodec.java:167)
at org.openqa.selenium.remote.codec.w3c.W3CHttpResponseCodec.decode(W3CHttpResponseCodec.java:138)
at org.openqa.selenium.remote.codec.w3c.W3CHttpResponseCodec.decode(W3CHttpResponseCodec.java:50)
at org.openqa.selenium.remote.HttpCommandExecutor.execute(HttpCommandExecutor.java:215)
at org.openqa.selenium.remote.service.DriverCommandExecutor.invokeExecute(DriverCommandExecutor.java:216)
at org.openqa.selenium.remote.service.DriverCommandExecutor.execute(DriverCommandExecutor.java:174)
at org.openqa.selenium.remote.RemoteWebDriver.execute(RemoteWebDriver.java:545)
at org.openqa.selenium.remote.ElementLocation$ElementFinder$2.findElement(ElementLocation.java:165)
at org.openqa.selenium.remote.ElementLocation.findElement(ElementLocation.java:66)
at org.openqa.selenium.remote.RemoteWebDriver.findElement(RemoteWebDriver.java:368)
at org.openqa.selenium.remote.RemoteWebDriver.findElement(RemoteWebDriver.java:362)
at testExecutionSuite.PlaceOrderRBC.placeOrderRBC(PlaceOrderRBC.java:34)
at testExecutionSuite.TestExecute.placeOrderRBC(TestExecute.java:83)
at java.base/jdk.internal.reflect.DirectMethodHandleAccessor.invoke(DirectMethodHandleAccessor.java:103)
at java.base/java.lang.reflect.Method.invoke(Method.java:580)
at org.testng.internal.invokers.MethodInvocationHelper.invokeMethod(MethodInvocationHelper.java:141)
at org.testng.internal.invokers.TestInvoker.invokeMethod(TestInvoker.java:687)
at org.testng.internal.invokers.TestInvoker.invokeTestMethod(TestInvoker.java:230)
at org.testng.internal.invokers.MethodRunner.runInSequence(MethodRunner.java:63)
at org.testng.internal.invokers.TestInvoker$MethodInvocationAgent.invoke(TestInvoker.java:995)
at org.testng.internal.invokers.TestInvoker.invokeTestMethods(TestInvoker.java:203)
at org.testng.internal.invokers.TestMethodWorker.invokeTestMethods(TestMethodWorker.java:154)
at org.testng.internal.invokers.TestMethodWorker.run(TestMethodWorker.java:134)
at java.base/java.util.ArrayList.forEach(ArrayList.java:1597)
at org.testng.TestRunner.privateRun(TestRunner.java:741)
at org.testng.TestRunner.run(TestRunner.java:616)
at org.testng.SuiteRunner.runTest(SuiteRunner.java:421)
at org.testng.SuiteRunner.runSequentially(SuiteRunner.java:413)
at org.testng.SuiteRunner.privateRun(SuiteRunner.java:373)
at org.testng.SuiteRunner.run(SuiteRunner.java:312)
at org.testng.SuiteRunnerWorker.runSuite(SuiteRunnerWorker.java:52)
at org.testng.SuiteRunnerWorker.run(SuiteRunnerWorker.java:95)
at org.testng.TestNG.runSuitesSequentially(TestNG.java:1274)
at org.testng.TestNG.runSuitesLocally(TestNG.java:1208)
at org.testng.TestNG.runSuites(TestNG.java:1112)
at org.testng.TestNG.run(TestNG.java:1079)
at org.testng.remote.AbstractRemoteTestNG.run(AbstractRemoteTestNG.java:115)
at org.testng.remote.RemoteTestNG.initAndRun(RemoteTestNG.java:293)
at org.testng.remote.RemoteTestNG.main(RemoteTestNG.java:91)
]]>
    </failure>
  </testcase> <!-- placeOrderRBC -->
  <testcase classname="testExecutionSuite.TestExecute" name="productQuantity" time="0.0">
    <ignored/>
  </testcase> <!-- productQuantity -->
  <testcase classname="testExecutionSuite.TestExecute" name="placeOrderLBC" time="0.0">
    <ignored/>
  </testcase> <!-- placeOrderLBC -->
  <testcase classname="testExecutionSuite.TestExecute" name="placeOrderRWC" time="0.0">
    <ignored/>
  </testcase> <!-- placeOrderRWC -->
  <testcase classname="testExecutionSuite.TestExecute" name="contactUs" time="0.0">
    <ignored/>
  </testcase> <!-- contactUs -->
  <testcase classname="testExecutionSuite.TestExecute" name="productDetails" time="0.0">
    <ignored/>
  </testcase> <!-- productDetails -->
  <testcase classname="testExecutionSuite.TestExecute" name="removeProduct" time="0.0">
    <ignored/>
  </testcase> <!-- removeProduct -->
=======
<<<<<<< HEAD
<testsuite ignored="0" hostname="LAPTOP-IBL96SKL" failures="0" tests="2" name="Default test" time="42.295" errors="0" timestamp="2025-05-26T00:46:33 IST">
  <testcase classname="testExecutionSuite.TestExecute" name="AllProducts" time="21.936"/>
  <testcase classname="testExecutionSuite.TestExecute" name="SearchProduct" time="17.099"/>
=======
<<<<<<< HEAD
<testsuite ignored="0" hostname="DESKTOP-UMGN6AN" failures="0" tests="3" name="Default test" time="25.882" errors="0" timestamp="2025-05-26T15:34:02 IST">
  <testcase classname="testExecutionSuite.TestExecute" name="Login" time="9.335"/>
  <testcase classname="testExecutionSuite.TestExecute" name="Logout" time="7.175"/>
  <testcase classname="testExecutionSuite.TestExecute" name="Incorrectlogin" time="4.562"/>
=======
<<<<<<< HEAD
<testsuite ignored="5" hostname="LAPTOP-UBVRQAH1" failures="0" tests="1" name="Default test" time="14.764" errors="0" timestamp="2025-05-25T23:46:21 IST">
  <testcase classname="testExecutionSuite.TestExecute" name="Subscription_homepage" time="5.642"/>
  <testcase classname="testExecutionSuite.TestExecute" name="Existingmail" time="0.0">
    <ignored/>
  </testcase> <!-- Existingmail -->
  <testcase classname="testExecutionSuite.TestExecute" name="Login" time="0.0">
    <ignored/>
  </testcase> <!-- Login -->
  <testcase classname="testExecutionSuite.TestExecute" name="Testcasepage" time="0.0">
    <ignored/>
  </testcase> <!-- Testcasepage -->
  <testcase classname="testExecutionSuite.TestExecute" name="Contact_us" time="0.0">
    <ignored/>
  </testcase> <!-- Contact_us -->
  <testcase classname="testExecutionSuite.TestExecute" name="Register" time="0.0">
    <ignored/>
  </testcase> <!-- Register -->
=======
<<<<<<< HEAD
<testsuite ignored="0" hostname="DESKTOP-MO0SOCE" failures="0" tests="6" name="Default test" time="69.657" errors="0" timestamp="2025-05-25T00:48:31 IST">
  <testcase classname="testExecutionSuite.TestExecute" name="Register" time="14.441"/>
  <testcase classname="testExecutionSuite.TestExecute" name="Existingmail" time="4.319"/>
  <testcase classname="testExecutionSuite.TestExecute" name="Testcasepage" time="4.475"/>
  <testcase classname="testExecutionSuite.TestExecute" name="Categoryproducts" time="18.047"/>
  <testcase classname="testExecutionSuite.TestExecute" name="Scroll" time="9.238"/>
  <testcase classname="testExecutionSuite.TestExecute" name="sub_cart_page" time="6.156"/>
=======
<testsuite ignored="3" hostname="Raju" failures="0" tests="1" name="Default test" time="14.285" errors="0" timestamp="2025-05-25T12:25:37 IST">
  <testcase classname="testExecutionSuite.ContactUs" name="contactUs" time="8.747"/>
  <testcase classname="testExecutionSuite.TestExecute" name="sub_cart_page" time="0.0">
    <ignored/>
  </testcase> <!-- sub_cart_page -->
  <testcase classname="testExecutionSuite.TestExecute" name="Register" time="0.0">
    <ignored/>
  </testcase> <!-- Register -->
  <testcase classname="testExecutionSuite.TestExecute" name="productQuantity" time="0.0">
    <ignored/>
  </testcase> <!-- productQuantity -->
>>>>>>> 42cbaf34d97bca17529b7602b817b3acab59d5d0
>>>>>>> 7922af434f89e044c10b96935cdc14b30865262e
>>>>>>> 70ba564051a3e5baa165309948978f07e8cdfdf9
>>>>>>> 348236317209849f943f9733c3ba0e54f55ce3ef
>>>>>>> 2fad1e1a14f85d46db2f90850589400c18c49839
</testsuite> <!-- Default test -->
